<?xml version="1.0" encoding="UTF-8"?>
<!-- Generated by org.testng.reporters.JUnitReportReporter -->
<testsuite hostname="WHITE-DEVIL" failures="0" tests="1" name="com.example.My_Test" time="0.003" errors="0" timestamp="2025-02-20T16:23:07 IST" skipped="0">
  <testcase classname="com.example.My_Test" name="testMethod" time="0.003"/>
</testsuite> <!-- com.example.My_Test -->
